2025-03-07 09:11:47,431 - WARNING - Not Found: /favicon.ico
2025-03-07 09:11:52,043 - ERROR - Error checking stock 00919.TW: cannot access local variable 'current_price' where it is not associated with a value
2025-03-07 09:12:25,464 - INFO - C:\Users\User\php_project\python\stock_check\stocks\utils.py changed, reloading.
2025-03-07 09:48:31,013 - ERROR - Error checking stock 00919.TW: cannot access local variable 'current_price' where it is not associated with a value
2025-03-07 09:48:46,793 - ERROR - Error checking stock 0050.TW: too many values to unpack (expected 4)
2025-03-07 09:49:17,293 - INFO - C:\Users\User\php_project\python\stock_check\stocks\utils.py changed, reloading.
2025-03-07 09:49:29,170 - ERROR - Error checking stock 0050.TW: too many values to unpack (expected 4)
2025-03-07 09:49:40,972 - ERROR - Error checking stock 0050.TW: too many values to unpack (expected 4)
2025-03-07 09:49:57,325 - INFO - C:\Users\User\php_project\python\stock_check\stocks\utils.py changed, reloading.
2025-03-07 09:50:09,721 - INFO - C:\Users\User\php_project\python\stock_check\stocks\utils.py changed, reloading.
2025-03-07 09:50:16,009 - ERROR - Error checking stock 0050.TW: too many values to unpack (expected 4)
2025-03-07 09:50:24,196 - INFO - C:\Users\User\php_project\python\stock_check\stocks\utils.py changed, reloading.
2025-03-07 09:50:43,946 - INFO - C:\Users\User\php_project\python\stock_check\stocks\utils.py changed, reloading.
2025-03-07 09:50:48,503 - ERROR - Error checking stock 0050.TW: too many values to unpack (expected 4)
2025-03-07 09:51:09,396 - INFO - C:\Users\User\php_project\python\stock_check\stocks\utils.py changed, reloading.
2025-03-07 09:51:13,493 - ERROR - Error checking stock 0050.TW: too many values to unpack (expected 4)
2025-03-07 09:51:28,357 - INFO - C:\Users\User\php_project\python\stock_check\stocks\utils.py changed, reloading.
2025-03-07 09:51:31,910 - ERROR - Error checking stock 0050.TW: too many values to unpack (expected 4)
2025-03-07 09:51:40,143 - INFO - C:\Users\User\php_project\python\stock_check\stocks\utils.py changed, reloading.
2025-03-07 09:51:44,324 - ERROR - Error checking stock 0050.TW: too many values to unpack (expected 4)
2025-03-07 09:52:17,901 - INFO - C:\Users\User\php_project\python\stock_check\stocks\utils.py changed, reloading.
2025-03-07 09:52:24,317 - INFO - C:\Users\User\php_project\python\stock_check\stocks\utils.py changed, reloading.
2025-03-07 09:52:28,414 - INFO - C:\Users\User\php_project\python\stock_check\stocks\utils.py changed, reloading.
2025-03-07 09:52:33,590 - INFO - C:\Users\User\php_project\python\stock_check\stocks\utils.py changed, reloading.
2025-03-07 09:52:36,111 - ERROR - Error checking stock 0050.TW: too many values to unpack (expected 4)
2025-03-07 09:53:24,820 - INFO - C:\Users\User\php_project\python\stock_check\stocks\utils.py changed, reloading.
2025-03-07 09:53:35,170 - INFO - C:\Users\User\php_project\python\stock_check\stocks\utils.py changed, reloading.
2025-03-07 09:53:37,575 - INFO - Stock 0050.TW - 元大台灣50: nothing, alert sent.
2025-03-07 09:53:49,109 - INFO - Stock 0050.TW - 元大台灣50: nothing, alert sent.
2025-03-07 09:54:40,065 - INFO - C:\Users\User\php_project\python\stock_check\stocks\utils.py changed, reloading.
2025-03-07 09:54:47,318 - INFO - C:\Users\User\php_project\python\stock_check\stocks\utils.py changed, reloading.
2025-03-07 09:55:02,889 - INFO - C:\Users\User\php_project\python\stock_check\stocks\utils.py changed, reloading.
2025-03-07 09:55:48,824 - INFO - Stock 0050.TW - 元大台灣50: nothing, alert sent.
2025-03-07 09:55:49,004 - INFO - Stock 00919.TW - 群益台灣精選高息: nothing, alert sent.
2025-03-07 09:55:49,159 - INFO - Stock 0056.TW - 元大高股息: nothing, alert sent.
2025-03-07 09:55:49,354 - INFO - Stock 6239.TW - 力成: nothing, alert sent.
2025-03-07 09:55:49,541 - INFO - Stock 9942.TW - 茂順: nothing, alert sent.
2025-03-07 09:55:50,734 - INFO - Stock 1215.TW - 卜蜂: 下跌, alert sent.
2025-03-07 09:55:50,933 - INFO - Stock 9941.TW - 裕融: nothing, alert sent.
2025-03-07 09:55:51,105 - INFO - Stock 2884.TW - 玉山金: nothing, alert sent.
2025-03-07 09:55:51,283 - INFO - Stock 2886.TW - 兆豐金: nothing, alert sent.
2025-03-07 09:55:52,438 - INFO - Stock 2891.TW - 中信金: 下跌, alert sent.
2025-03-07 09:55:52,621 - INFO - Stock 2382.TW - 廣達: nothing, alert sent.
2025-03-07 09:55:52,804 - INFO - Stock 2454.TW - 聯發科: nothing, alert sent.
2025-03-07 09:55:53,040 - INFO - Stock 2912.TW - 統一超: nothing, alert sent.
2025-03-07 09:55:54,214 - INFO - Stock 2881.TW - 富邦金: 下跌, alert sent.
2025-03-07 09:55:54,388 - INFO - Stock 3711.TW - 日月光投控: nothing, alert sent.
2025-03-07 09:55:54,558 - INFO - Stock 2317.TW - 鴻海: nothing, alert sent.
2025-03-07 09:55:54,707 - INFO - Stock 00713.TW - 元大台灣高息低波: nothing, alert sent.
2025-03-07 09:55:54,884 - INFO - Stock 2303.TW - 聯電: nothing, alert sent.
2025-03-07 09:56:08,338 - INFO - C:\Users\User\php_project\python\stock_check\stocks\utils.py changed, reloading.
2025-03-07 10:30:11,468 - INFO - C:\Users\User\php_project\python\stock_check\stocks\utils.py changed, reloading.
2025-03-07 10:43:35,582 - INFO - C:\Users\User\php_project\python\stock_check\stocks\utils.py changed, reloading.
2025-03-07 10:44:30,023 - INFO - Stock 0050.TW - 元大台灣50: nothing, alert sent.
2025-03-07 10:44:30,180 - INFO - Stock 00919.TW - 群益台灣精選高息: nothing, alert sent.
2025-03-07 10:44:30,409 - INFO - Stock 0056.TW - 元大高股息: nothing, alert sent.
2025-03-07 10:44:30,592 - INFO - Stock 6239.TW - 力成: nothing, alert sent.
2025-03-07 10:44:30,785 - INFO - Stock 9942.TW - 茂順: nothing, alert sent.
2025-03-07 10:44:30,961 - INFO - Stock 1215.TW - 卜蜂: nothing, alert sent.
2025-03-07 10:44:31,148 - INFO - Stock 9941.TW - 裕融: nothing, alert sent.
2025-03-07 10:44:32,392 - INFO - Stock 2884.TW - 玉山金: 下跌, alert sent.
2025-03-07 10:44:32,559 - INFO - Stock 2886.TW - 兆豐金: nothing, alert sent.
2025-03-07 10:44:32,752 - INFO - Stock 2891.TW - 中信金: nothing, alert sent.
2025-03-07 10:44:32,929 - INFO - Stock 2382.TW - 廣達: nothing, alert sent.
2025-03-07 10:44:34,134 - INFO - Stock 2454.TW - 聯發科: 下跌, alert sent.
2025-03-07 10:44:34,307 - INFO - Stock 2912.TW - 統一超: nothing, alert sent.
2025-03-07 10:44:34,506 - INFO - Stock 2881.TW - 富邦金: nothing, alert sent.
2025-03-07 10:44:35,672 - INFO - Stock 3711.TW - 日月光投控: 下跌, alert sent.
2025-03-07 10:44:35,864 - INFO - Stock 2317.TW - 鴻海: nothing, alert sent.
2025-03-07 10:44:36,020 - INFO - Stock 00713.TW - 元大台灣高息低波: nothing, alert sent.
2025-03-07 10:44:36,189 - INFO - Stock 2303.TW - 聯電: nothing, alert sent.
2025-03-07 10:47:45,374 - INFO - C:\Users\User\php_project\python\stock_check\stocks\utils.py changed, reloading.
2025-03-07 10:48:35,741 - INFO - C:\Users\User\php_project\python\stock_check\stocks\utils.py changed, reloading.
2025-03-07 10:48:49,177 - INFO - C:\Users\User\php_project\python\stock_check\stocks\utils.py changed, reloading.
2025-03-07 10:49:02,663 - INFO - C:\Users\User\php_project\python\stock_check\stocks\utils.py changed, reloading.
2025-03-07 10:50:50,345 - INFO - C:\Users\User\php_project\python\stock_check\stocks\utils.py changed, reloading.
2025-03-07 10:50:58,610 - INFO - C:\Users\User\php_project\python\stock_check\stocks\utils.py changed, reloading.
2025-03-07 10:51:02,012 - ERROR - Error checking stock 0050.TW: name 'CHAT_ID' is not defined
2025-03-07 10:51:02,197 - ERROR - Error checking stock 0056.TW: name 'CHAT_ID' is not defined
2025-03-07 10:51:02,372 - ERROR - Error checking stock 6239.TW: name 'CHAT_ID' is not defined
2025-03-07 10:51:12,382 - INFO - C:\Users\User\php_project\python\stock_check\stocks\utils.py changed, reloading.
2025-03-07 10:53:07,113 - INFO - C:\Users\User\php_project\python\stock_check\stocks\api\fetch_stock_data.py changed, reloading.
2025-03-07 10:53:12,967 - INFO - C:\Users\User\php_project\python\stock_check\stocks\api\fetch_stock_data.py changed, reloading.
2025-03-07 10:53:23,010 - INFO - C:\Users\User\php_project\python\stock_check\stocks\api\fetch_stock_data.py changed, reloading.
2025-03-07 10:53:43,759 - INFO - C:\Users\User\php_project\python\stock_check\stocks\api\fetch_stock_data.py changed, reloading.
2025-03-07 10:54:10,825 - INFO - C:\Users\User\php_project\python\stock_check\stocks\api\fetch_stock_data.py changed, reloading.
2025-03-07 10:54:24,411 - INFO - C:\Users\User\php_project\python\stock_check\stocks\api\fetch_stock_data.py changed, reloading.
2025-03-07 10:54:29,546 - INFO - C:\Users\User\php_project\python\stock_check\stocks\api\fetch_stock_data.py changed, reloading.
2025-03-07 10:54:31,214 - ERROR - Error checking stock 0050.TW: WebScraperFetcher.fetch_data() takes 2 positional arguments but 3 were given
2025-03-07 10:54:55,801 - INFO - C:\Users\User\php_project\python\stock_check\stocks\utils.py changed, reloading.
2025-03-07 10:54:58,353 - ERROR - Error checking stock 0050.TW: WebScraperFetcher.fetch_data() takes 2 positional arguments but 3 were given
2025-03-07 10:55:25,223 - INFO - C:\Users\User\php_project\python\stock_check\stocks\api\scraper.py changed, reloading.
2025-03-07 10:55:26,967 - ERROR - Error checking stock 0050.TW: WebScraperFetcher.fetch_data() takes 2 positional arguments but 3 were given
2025-03-07 10:55:42,438 - ERROR - Error checking stock 0050.TW: WebScraperFetcher.fetch_data() takes 2 positional arguments but 3 were given
2025-03-07 10:55:49,342 - INFO - C:\Users\User\php_project\python\stock_check\stocks\api\scraper.py changed, reloading.
2025-03-07 10:57:04,859 - INFO - C:\Users\User\php_project\python\stock_check\stocks\api\fetch_stock_data.py changed, reloading.
2025-03-07 10:57:09,898 - ERROR - Internal Server Error: /delete/285/
Traceback (most recent call last):
  File "C:\Users\User\php_project\python\stock_check\venv\Lib\site-packages\django\core\handlers\exception.py", line 55, in inner
    response = get_response(request)
  File "C:\Users\User\php_project\python\stock_check\venv\Lib\site-packages\django\core\handlers\base.py", line 197, in _get_response
    response = wrapped_callback(request, *callback_args, **callback_kwargs)
  File "C:\Users\User\php_project\python\stock_check\stocks\views.py", line 89, in delete_stock
    stock = Stock.objects.get(id=stock_id)
  File "C:\Users\User\php_project\python\stock_check\venv\Lib\site-packages\django\db\models\manager.py", line 87, in manager_method
    return getattr(self.get_queryset(), name)(*args, **kwargs)
           ~~~~~~~~~~~~~~~~~~~~~~~~~~~~~~~~~~^^^^^^^^^^^^^^^^^
  File "C:\Users\User\php_project\python\stock_check\venv\Lib\site-packages\django\db\models\query.py", line 649, in get
    raise self.model.DoesNotExist(
        "%s matching query does not exist." % self.model._meta.object_name
    )
stocks.models.Stock.DoesNotExist: Stock matching query does not exist.
2025-03-07 10:57:30,806 - ERROR - Error checking stock 0050.TW: WebScraperFetcher.fetch_data() takes 2 positional arguments but 3 were given
2025-03-07 10:57:49,202 - INFO - C:\Users\User\php_project\python\stock_check\stocks\utils.py changed, reloading.
2025-03-07 10:57:52,113 - ERROR - Error checking stock 0050.TW: WebScraperFetcher.fetch_data() takes 2 positional arguments but 3 were given
2025-03-07 10:57:56,538 - ERROR - Error checking stock 0050.TW: WebScraperFetcher.fetch_data() takes 2 positional arguments but 3 were given
2025-03-07 10:57:57,602 - ERROR - Error checking stock 0050.TW: WebScraperFetcher.fetch_data() takes 2 positional arguments but 3 were given
2025-03-07 10:58:03,949 - INFO - C:\Users\User\php_project\python\stock_check\stocks\utils.py changed, reloading.
2025-03-07 10:58:11,266 - INFO - C:\Users\User\php_project\python\stock_check\stocks\utils.py changed, reloading.
2025-03-07 10:58:14,251 - ERROR - Error checking stock 0050.TW: WebScraperFetcher.fetch_data() takes 2 positional arguments but 3 were given
2025-03-07 10:58:32,375 - INFO - C:\Users\User\php_project\python\stock_check\stocks\api\fetch_stock_data.py changed, reloading.
2025-03-07 10:58:34,254 - ERROR - Error checking stock 0050.TW: WebScraperFetcher.fetch_data() takes 2 positional arguments but 3 were given
2025-03-07 10:58:40,725 - INFO - C:\Users\User\php_project\python\stock_check\stocks\api\fetch_stock_data.py changed, reloading.
2025-03-07 10:59:07,588 - INFO - C:\Users\User\php_project\python\stock_check\stocks\api\scraper.py changed, reloading.
2025-03-07 10:59:11,680 - ERROR - Error checking stock 0050.TW: WebScraperFetcher.fetch_data() takes 2 positional arguments but 3 were given
2025-03-07 10:59:17,311 - INFO - C:\Users\User\php_project\python\stock_check\stocks\api\scraper.py changed, reloading.
2025-03-07 10:59:21,590 - ERROR - Error checking stock 0050.TW: WebScraperFetcher.fetch_data() takes 2 positional arguments but 3 were given
2025-03-07 10:59:30,084 - INFO - C:\Users\User\php_project\python\stock_check\stocks\api\fetcher.py changed, reloading.
2025-03-07 10:59:36,792 - INFO - C:\Users\User\php_project\python\stock_check\stocks\api\fetcher.py changed, reloading.
2025-03-07 10:59:43,763 - ERROR - Error checking stock 0050.TW: WebScraperFetcher.fetch_data() takes 2 positional arguments but 3 were given
2025-03-07 10:59:52,454 - INFO - C:\Users\User\php_project\python\stock_check\stocks\api\fetcher.py changed, reloading.
2025-03-07 11:00:28,266 - INFO - C:\Users\User\php_project\python\stock_check\stocks\api\fetch_stock_data.py changed, reloading.
2025-03-07 11:01:40,108 - INFO - C:\Users\User\php_project\python\stock_check\stocks\utils.py changed, reloading.
2025-03-07 11:01:49,580 - INFO - C:\Users\User\php_project\python\stock_check\stocks\api\fetch_stock_data.py changed, reloading.
2025-03-07 11:01:51,637 - ERROR - Error checking stock 0050.TW: WebScraperFetcher.fetch_data() takes 2 positional arguments but 3 were given
2025-03-07 11:01:53,890 - ERROR - Error checking stock 0050.TW: WebScraperFetcher.fetch_data() takes 2 positional arguments but 3 were given
2025-03-07 11:02:09,045 - INFO - C:\Users\User\php_project\python\stock_check\stocks\api\fetch_stock_data.py changed, reloading.
2025-03-07 11:04:36,971 - INFO - C:\Users\User\php_project\python\stock_check\stocks\api\scraper.py changed, reloading.
2025-03-07 11:04:52,787 - INFO - C:\Users\User\php_project\python\stock_check\stocks\utils.py changed, reloading.
2025-03-07 11:04:58,600 - INFO - C:\Users\User\php_project\python\stock_check\stocks\api\fetch_stock_data.py changed, reloading.
2025-03-07 11:05:01,963 - ERROR - Error checking stock 0050.TW: cannot access local variable 'url' where it is not associated with a value
2025-03-07 11:05:04,281 - ERROR - Error checking stock 0050.TW: cannot access local variable 'url' where it is not associated with a value
2025-03-07 11:05:06,948 - ERROR - Error checking stock 0050.TW: cannot access local variable 'url' where it is not associated with a value
2025-03-07 11:05:21,193 - INFO - C:\Users\User\php_project\python\stock_check\stocks\api\fetch_stock_data.py changed, reloading.
2025-03-07 11:05:56,647 - INFO - C:\Users\User\php_project\python\stock_check\stocks\api\scraper.py changed, reloading.
2025-03-07 11:06:28,025 - ERROR - Error checking stock 0050.TW: cannot access local variable 'current_price' where it is not associated with a value
2025-03-07 11:06:30,631 - ERROR - Error checking stock 0050.TW: cannot access local variable 'current_price' where it is not associated with a value
2025-03-07 11:15:41,782 - INFO - C:\Users\User\php_project\python\stock_check\stocks\api\scraper.py changed, reloading.
2025-03-07 11:15:47,977 - ERROR - Error checking stock 0050.TW: cannot access local variable 'current_price' where it is not associated with a value
2025-03-07 11:15:53,641 - INFO - C:\Users\User\php_project\python\stock_check\stocks\api\scraper.py changed, reloading.
2025-03-07 11:15:56,725 - ERROR - Error checking stock 0050.TW: cannot access local variable 'current_price' where it is not associated with a value
2025-03-07 11:16:13,679 - INFO - C:\Users\User\php_project\python\stock_check\stocks\api\scraper.py changed, reloading.
2025-03-07 11:16:17,108 - ERROR - Error checking stock 0050.TW: cannot access local variable 'current_price' where it is not associated with a value
2025-03-07 11:28:30,185 - INFO - C:\Users\User\php_project\python\stock_check\stocks\api\scraper.py changed, reloading.
2025-03-07 11:28:38,665 - ERROR - Error checking stock 0050.TW: WebScraperFetcher.fetch_data() takes 2 positional arguments but 3 were given
2025-03-07 11:28:53,383 - INFO - C:\Users\User\php_project\python\stock_check\stocks\api\scraper.py changed, reloading.
2025-03-07 11:28:57,120 - ERROR - Error checking stock 0050.TW: object of type 'NoneType' has no len()
2025-03-07 11:29:14,493 - INFO - C:\Users\User\php_project\python\stock_check\stocks\api\scraper.py changed, reloading.
2025-03-07 11:29:16,475 - ERROR - Error checking stock 0050.TW: object of type 'NoneType' has no len()
2025-03-07 11:33:12,579 - INFO - C:\Users\User\php_project\python\stock_check\stocks\api\scraper.py changed, reloading.
2025-03-07 11:33:18,336 - ERROR - Error checking stock 0050.TW: object of type 'NoneType' has no len()
2025-03-07 11:33:31,953 - INFO - C:\Users\User\php_project\python\stock_check\stocks\api\scraper.py changed, reloading.
2025-03-07 11:33:39,145 - ERROR - Error checking stock 0050.TW: object of type 'NoneType' has no len()
2025-03-07 11:35:50,961 - INFO - C:\Users\User\php_project\python\stock_check\stocks\api\scraper.py changed, reloading.
2025-03-07 11:35:55,846 - ERROR - Error checking stock 0050.TW: object of type 'NoneType' has no len()
2025-03-07 11:36:31,036 - INFO - C:\Users\User\php_project\python\stock_check\stocks\api\scraper.py changed, reloading.
2025-03-07 11:36:33,058 - ERROR - Error checking stock 0050.TW: object of type 'NoneType' has no len()
2025-03-07 11:37:10,811 - INFO - C:\Users\User\php_project\python\stock_check\stocks\api\scraper.py changed, reloading.
2025-03-07 11:37:19,558 - ERROR - Error checking stock 0050.TW: object of type 'NoneType' has no len()
2025-03-07 11:38:10,765 - INFO - C:\Users\User\php_project\python\stock_check\stocks\api\scraper.py changed, reloading.
2025-03-07 11:38:23,872 - ERROR - Error checking stock 0050.TW: object of type 'NoneType' has no len()
2025-03-07 11:39:57,868 - INFO - C:\Users\User\php_project\python\stock_check\stocks\api\scraper.py changed, reloading.
2025-03-07 11:40:02,530 - ERROR - Error checking stock 0050.TW: object of type 'NoneType' has no len()
2025-03-07 11:40:47,299 - INFO - C:\Users\User\php_project\python\stock_check\stocks\api\scraper.py changed, reloading.
2025-03-07 11:40:51,838 - ERROR - Error checking stock 0050.TW: object of type 'NoneType' has no len()
2025-03-07 11:41:12,635 - INFO - C:\Users\User\php_project\python\stock_check\stocks\api\scraper.py changed, reloading.
2025-03-07 11:41:18,072 - ERROR - Error checking stock 0050.TW: object of type 'NoneType' has no len()
2025-03-07 11:41:26,376 - INFO - C:\Users\User\php_project\python\stock_check\stocks\api\scraper.py changed, reloading.
2025-03-07 11:41:39,779 - INFO - C:\Users\User\php_project\python\stock_check\stocks\api\scraper.py changed, reloading.
2025-03-07 11:41:48,467 - ERROR - Error checking stock 0050.TW: object of type 'NoneType' has no len()
2025-03-07 11:43:05,279 - INFO - C:\Users\User\php_project\python\stock_check\stocks\api\scraper.py changed, reloading.
2025-03-07 11:43:09,572 - ERROR - Error checking stock 0050.TW: object of type 'NoneType' has no len()
2025-03-07 12:57:06,001 - INFO - C:\Users\User\php_project\python\stock_check\stocks\api\scraper.py changed, reloading.
2025-03-07 12:57:12,239 - ERROR - Error checking stock 0050.TW: object of type 'NoneType' has no len()
2025-03-07 12:59:32,403 - INFO - C:\Users\User\php_project\python\stock_check\stocks\api\scraper.py changed, reloading.
2025-03-07 12:59:43,769 - ERROR - Error checking stock 0050.TW: object of type 'NoneType' has no len()
2025-03-07 13:01:13,588 - INFO - C:\Users\User\php_project\python\stock_check\stocks\api\scraper.py changed, reloading.
2025-03-07 13:01:23,111 - INFO - C:\Users\User\php_project\python\stock_check\stocks\api\scraper.py changed, reloading.
2025-03-07 13:01:27,354 - ERROR - Error checking stock 0050.TW: object of type 'NoneType' has no len()
2025-03-07 13:01:58,728 - INFO - C:\Users\User\php_project\python\stock_check\stocks\api\scraper.py changed, reloading.
2025-03-07 13:03:13,142 - INFO - C:\Users\User\php_project\python\stock_check\stocks\api\scraper.py changed, reloading.
2025-03-07 13:03:26,407 - ERROR - Error checking stock 0050.TW: object of type 'NoneType' has no len()
2025-03-07 13:05:00,398 - INFO - C:\Users\User\php_project\python\stock_check\stocks\api\scraper.py changed, reloading.
2025-03-07 13:05:06,706 - ERROR - Error checking stock 0050.TW: object of type 'NoneType' has no len()
2025-03-07 13:06:21,659 - INFO - C:\Users\User\php_project\python\stock_check\stocks\api\scraper.py changed, reloading.
2025-03-07 13:14:01,676 - INFO - C:\Users\User\php_project\python\stock_check\stocks\api\scraper.py changed, reloading.
2025-03-07 13:15:02,406 - INFO - C:\Users\User\php_project\python\stock_check\stocks\api\scraper.py changed, reloading.
2025-03-07 13:15:38,982 - INFO - C:\Users\User\php_project\python\stock_check\stocks\api\scraper.py changed, reloading.
2025-03-07 13:15:49,373 - INFO - C:\Users\User\php_project\python\stock_check\stocks\api\scraper.py changed, reloading.
2025-03-07 13:16:41,021 - INFO - C:\Users\User\php_project\python\stock_check\stocks\api\scraper.py changed, reloading.
2025-03-07 13:16:52,873 - ERROR - Error checking stock 0050.TW: object of type 'NoneType' has no len()
2025-03-07 13:18:43,552 - ERROR - Error checking stock 0050.TW: object of type 'NoneType' has no len()
2025-03-07 13:19:47,376 - INFO - C:\Users\User\php_project\python\stock_check\stocks\api\scraper.py changed, reloading.
2025-03-07 13:23:26,074 - INFO - C:\Users\User\php_project\python\stock_check\stocks\api\scraper.py changed, reloading.
2025-03-07 13:23:30,444 - ERROR - Error checking stock 0050.TW: object of type 'NoneType' has no len()
2025-03-07 13:23:40,344 - INFO - C:\Users\User\php_project\python\stock_check\stocks\api\scraper.py changed, reloading.
2025-03-07 13:33:26,946 - INFO - C:\Users\User\php_project\python\stock_check\stocks\api\scraper.py changed, reloading.
2025-03-07 13:36:33,693 - INFO - C:\Users\User\php_project\python\stock_check\stocks\api\scraper.py changed, reloading.
2025-03-07 13:37:50,123 - INFO - C:\Users\User\php_project\python\stock_check\stocks\api\scraper.py changed, reloading.
2025-03-07 13:38:50,725 - INFO - C:\Users\User\php_project\python\stock_check\stocks\api\scraper.py changed, reloading.
2025-03-07 13:40:10,462 - INFO - C:\Users\User\php_project\python\stock_check\stocks\api\scraper.py changed, reloading.
2025-03-07 13:42:11,829 - INFO - C:\Users\User\php_project\python\stock_check\stocks\api\fetch_stock_data.py changed, reloading.
2025-03-07 13:42:17,562 - INFO - C:\Users\User\php_project\python\stock_check\stocks\api\fetch_stock_data.py changed, reloading.
2025-03-07 13:42:52,951 - INFO - C:\Users\User\php_project\python\stock_check\stocks\api\fetch_stock_data.py changed, reloading.
2025-03-07 13:49:41,087 - INFO - C:\Users\User\php_project\python\stock_check\stocks\api\fetcher.py changed, reloading.
2025-03-07 13:51:08,716 - INFO - C:\Users\User\php_project\python\stock_check\stocks\api\fetcher.py changed, reloading.
2025-03-07 13:54:15,250 - INFO - C:\Users\User\php_project\python\stock_check\stocks\api\scraper.py changed, reloading.
2025-03-07 13:54:25,049 - INFO - C:\Users\User\php_project\python\stock_check\stocks\api\fetcher.py changed, reloading.
2025-03-07 13:54:30,258 - INFO - C:\Users\User\php_project\python\stock_check\stocks\api\fetcher.py changed, reloading.
2025-03-07 13:54:42,725 - INFO - C:\Users\User\php_project\python\stock_check\stocks\api\fetcher.py changed, reloading.
2025-03-07 13:55:43,364 - INFO - C:\Users\User\php_project\python\stock_check\stocks\api\fetcher.py changed, reloading.
2025-03-07 13:56:37,236 - INFO - C:\Users\User\php_project\python\stock_check\stocks\api\fetcher.py changed, reloading.
2025-03-07 13:58:23,655 - INFO - C:\Users\User\php_project\python\stock_check\stocks\api\fetcher.py changed, reloading.
2025-03-07 13:58:31,005 - INFO - C:\Users\User\php_project\python\stock_check\stocks\api\scraper.py changed, reloading.
2025-03-07 13:58:34,157 - INFO - C:\Users\User\php_project\python\stock_check\stocks\api\scraper.py changed, reloading.
2025-03-07 13:59:13,926 - INFO - C:\Users\User\php_project\python\stock_check\stocks\api\fetcher.py changed, reloading.
2025-03-07 13:59:20,330 - INFO - C:\Users\User\php_project\python\stock_check\stocks\api\fetcher.py changed, reloading.
2025-03-07 14:00:23,168 - INFO - C:\Users\User\php_project\python\stock_check\stocks\api\fetcher.py changed, reloading.
2025-03-07 14:01:36,555 - INFO - C:\Users\User\php_project\python\stock_check\stocks\api\fetcher.py changed, reloading.
2025-03-07 14:03:30,885 - INFO - C:\Users\User\php_project\python\stock_check\stocks\api\fetcher.py changed, reloading.
2025-03-07 14:04:20,052 - INFO - C:\Users\User\php_project\python\stock_check\stocks\api\fetcher.py changed, reloading.
2025-03-07 14:05:57,420 - INFO - C:\Users\User\php_project\python\stock_check\stocks\api\fetcher.py changed, reloading.
2025-03-07 14:08:50,438 - INFO - C:\Users\User\php_project\python\stock_check\stocks\api\fetcher.py changed, reloading.
2025-03-07 14:12:54,721 - INFO - C:\Users\User\php_project\python\stock_check\stocks\api\fetch_stock_data.py changed, reloading.
2025-03-07 14:12:58,878 - INFO - C:\Users\User\php_project\python\stock_check\stocks\api\fetch_stock_data.py changed, reloading.
2025-03-07 14:14:13,454 - INFO - C:\Users\User\php_project\python\stock_check\stocks\api\fetch_stock_data.py changed, reloading.
2025-03-07 14:14:24,808 - INFO - C:\Users\User\php_project\python\stock_check\stocks\api\fetch_stock_data.py changed, reloading.
2025-03-07 14:14:43,521 - INFO - C:\Users\User\php_project\python\stock_check\stocks\api\fetch_stock_data.py changed, reloading.
2025-03-07 14:15:12,077 - INFO - C:\Users\User\php_project\python\stock_check\stocks\api\fetch_stock_data.py changed, reloading.
2025-03-07 14:15:47,009 - INFO - C:\Users\User\php_project\python\stock_check\stocks\api\fetch_stock_data.py changed, reloading.
2025-03-07 14:17:28,492 - INFO - C:\Users\User\php_project\python\stock_check\stocks\api\scraper.py changed, reloading.
2025-03-07 14:17:28,503 - INFO - C:\Users\User\php_project\python\stock_check\stocks\api\scraper.py changed, reloading.
2025-03-07 14:20:00,222 - INFO - C:\Users\User\php_project\python\stock_check\stocks\api\fetch_stock_data.py changed, reloading.
2025-03-07 14:20:00,670 - INFO - C:\Users\User\php_project\python\stock_check\stocks\api\fetch_stock_data.py changed, reloading.
2025-03-07 14:30:53,718 - INFO - C:\Users\User\php_project\python\stock_check\stocks\api\scraper.py changed, reloading.
2025-03-07 14:33:34,114 - INFO - C:\Users\User\php_project\python\stock_check\stocks\api\scraper.py changed, reloading.
2025-03-07 14:33:43,792 - INFO - C:\Users\User\php_project\python\stock_check\stocks\api\fetch_stock_data.py changed, reloading.
2025-03-07 14:33:53,896 - INFO - C:\Users\User\php_project\python\stock_check\stocks\api\fetch_stock_data.py changed, reloading.
2025-03-07 14:34:22,187 - INFO - C:\Users\User\php_project\python\stock_check\stocks\api\scraper.py changed, reloading.
2025-03-07 14:34:30,699 - INFO - C:\Users\User\php_project\python\stock_check\stocks\api\scraper.py changed, reloading.
2025-03-07 14:36:30,357 - INFO - C:\Users\User\php_project\python\stock_check\stocks\api\fetcher.py changed, reloading.
2025-03-07 14:37:10,128 - INFO - C:\Users\User\php_project\python\stock_check\stocks\api\scraper.py changed, reloading.
2025-03-07 15:57:45,115 - INFO - C:\Users\User\php_project\python\stock_check\stocks\utils.py changed, reloading.
2025-03-07 15:58:18,941 - INFO - C:\Users\User\php_project\python\stock_check\stocks\utils.py changed, reloading.
2025-03-07 15:58:48,153 - INFO - C:\Users\User\php_project\python\stock_check\stocks\views.py changed, reloading.
2025-03-07 15:59:07,949 - INFO - C:\Users\User\php_project\python\stock_check\stocks\views.py changed, reloading.
2025-03-07 16:00:14,225 - INFO - C:\Users\User\php_project\python\stock_check\stocks\api\fetch_stock_data.py changed, reloading.
2025-03-07 16:00:51,252 - INFO - C:\Users\User\php_project\python\stock_check\stocks\api\twsefetcher.py changed, reloading.
2025-03-07 16:01:41,016 - INFO - C:\Users\User\php_project\python\stock_check\stocks\api\twsefetcher.py changed, reloading.
2025-03-07 16:01:54,882 - INFO - C:\Users\User\php_project\python\stock_check\stocks\api\twsefetcher.py changed, reloading.
2025-03-07 16:03:29,649 - INFO - C:\Users\User\php_project\python\stock_check\stocks\api\twsefetcher.py changed, reloading.
2025-03-07 16:04:04,243 - INFO - C:\Users\User\php_project\python\stock_check\stocks\api\twsefetcher.py changed, reloading.
2025-03-07 16:07:22,495 - INFO - C:\Users\User\php_project\python\stock_check\stocks\api\stock_data_fetcher.py changed, reloading.
2025-03-07 16:08:31,414 - INFO - C:\Users\User\php_project\python\stock_check\stocks\api\fetcher.py changed, reloading.
2025-03-07 16:09:25,184 - INFO - C:\Users\User\php_project\python\stock_check\stocks\api\twsefetcher.py changed, reloading.
2025-03-07 16:09:42,905 - INFO - C:\Users\User\php_project\python\stock_check\stocks\api\strategy.py changed, reloading.
2025-03-07 16:10:11,567 - INFO - C:\Users\User\php_project\python\stock_check\stocks\api\strategy.py changed, reloading.
2025-03-07 16:10:25,904 - INFO - C:\Users\User\php_project\python\stock_check\stocks\api\fetch_stock_data.py changed, reloading.
2025-03-07 16:11:56,423 - INFO - C:\Users\User\php_project\python\stock_check\stocks\utils.py changed, reloading.
2025-03-07 16:13:45,340 - INFO - C:\Users\User\php_project\python\stock_check\stocks\api\fetch_stock_data.py changed, reloading.
2025-03-07 16:13:56,718 - INFO - C:\Users\User\php_project\python\stock_check\stocks\api\fetcher.py changed, reloading.
2025-03-07 16:14:06,594 - INFO - C:\Users\User\php_project\python\stock_check\stocks\api\twsefetcher.py changed, reloading.
2025-03-07 16:14:23,234 - INFO - C:\Users\User\php_project\python\stock_check\stocks\api\fetch_stock_data.py changed, reloading.
2025-03-07 16:14:27,443 - INFO - C:\Users\User\php_project\python\stock_check\stocks\api\fetch_stock_data.py changed, reloading.
2025-03-07 16:14:34,941 - INFO - C:\Users\User\php_project\python\stock_check\stocks\utils.py changed, reloading.
2025-03-07 16:14:41,257 - INFO - C:\Users\User\php_project\python\stock_check\stocks\utils.py changed, reloading.
2025-03-07 16:14:52,695 - INFO - C:\Users\User\php_project\python\stock_check\stocks\api\fetch_stock_data.py changed, reloading.
2025-03-07 16:15:37,199 - INFO - C:\Users\User\php_project\python\stock_check\stocks\api\twsefetcher.py changed, reloading.
2025-03-07 16:17:47,465 - INFO - C:\Users\User\php_project\python\stock_check\stocks\views.py changed, reloading.
2025-03-07 16:17:57,845 - INFO - C:\Users\User\php_project\python\stock_check\stocks\views.py changed, reloading.
2025-03-07 16:18:03,009 - INFO - C:\Users\User\php_project\python\stock_check\stocks\views.py changed, reloading.
2025-03-07 16:18:19,567 - INFO - C:\Users\User\php_project\python\stock_check\stocks\views.py changed, reloading.
2025-03-07 16:19:21,356 - INFO - C:\Users\User\php_project\python\stock_check\stocks\api\fetcher.py changed, reloading.
2025-03-07 16:19:32,713 - INFO - C:\Users\User\php_project\python\stock_check\stocks\api\fetcher.py changed, reloading.
2025-03-07 17:24:32,058 - INFO - C:\Users\User\php_project\python\stock_check\stocks\api\twsefetcher.py changed, reloading.
2025-03-07 17:24:36,294 - INFO - C:\Users\User\php_project\python\stock_check\stocks\api\twsefetcher.py changed, reloading.
2025-03-07 17:33:24,237 - INFO - C:\Users\User\php_project\python\stock_check\stocks\api\twsefetcher.py changed, reloading.
2025-03-07 17:33:31,186 - INFO - C:\Users\User\php_project\python\stock_check\stocks\api\twsefetcher.py changed, reloading.
2025-03-07 18:00:47,171 - INFO - C:\Users\User\php_project\python\stock_check\stocks\api\twsefetcher.py changed, reloading.
